{"logTime": "1026/193753", "correlationVector":"WZakDQnWeWiBDSz0CkUNyf.0","action":"FeedSettingFetch_homeCloud", "result":"0", "context":{}}
{"logTime": "1026/193754", "correlationVector":"pDEWt/eRWAZ0tzHhAFilzU.1","action":"SyncServerConnectionManagerRequest", "result":"SYNC_SERVER_OK", "context":{"environment":"Prod_EastUS_000w", "migrationStage":"NotStarted", "server":"GENERAL0100001C"}}
{"logTime": "1026/193754", "correlationVector":"pDEWt/eRWAZ0tzHhAFilzU","action":"Initial GetUpdates", "result":"", "context":Reason: NEW_CLIENT. cV=pDEWt/eRWAZ0tzHhAFilzU}
{"logTime": "1026/193754", "correlationVector":"pDEWt/eRWAZ0tzHhAFilzU.2","action":"GetUpdates Response", "result":"SYNCER_OK", "context":Received 1 update(s). cV=pDEWt/eRWAZ0tzHhAFilzU.0;server=GENERAL0100001C;cloudType=Consumer;environment=Prod_EastUS_000w;migrationStage=NotStarted}
{"logTime": "1026/193812", "correlationVector":"9vAc8eSo7P60iomVuzsZzz","action":"SyncServerConnectionManagerRequest", "result":"SYNC_SERVER_OK", "context":{"environment":"", "migrationStage":"", "server":""}}
{"logTime": "1026/193812", "correlationVector":"u/zClzDpjptEYHvAFKrgQx","action":"Initial GetUpdates", "result":"", "context":Reason: NEW_CLIENT. cV=u/zClzDpjptEYHvAFKrgQx}
{"logTime": "1026/193812", "correlationVector":"u/zClzDpjptEYHvAFKrgQx.1","action":"SyncServerConnectionManagerRequest", "result":"SYNC_SERVER_OK", "context":{"environment":"Prod_EastUS_000w", "migrationStage":"NotStarted", "server":"GENERAL01000017"}}
{"logTime": "1026/193812", "correlationVector":"u/zClzDpjptEYHvAFKrgQx.2","action":"GetUpdates Response", "result":"SYNCER_OK", "context":Received 13 update(s). cV=u/zClzDpjptEYHvAFKrgQx.0;server=GENERAL01000017;cloudType=Consumer;environment=Prod_EastUS_000w;migrationStage=NotStarted}
{"logTime": "1026/193812", "correlationVector":"u6BLJi2xSvEzmbAPnwFp9M","action":"Normal GetUpdate request", "result":"", "context":cV=u6BLJi2xSvEzmbAPnwFp9M
Nudged types: Device Info, User Consents
Refresh requested types: Device Info, User Consents, Send Tab To Self, Encryption Keys}
{"logTime": "1026/193813", "correlationVector":"u6BLJi2xSvEzmbAPnwFp9M.1","action":"SyncServerConnectionManagerRequest", "result":"SYNC_SERVER_OK", "context":{"environment":"Prod_EastUS2_000e", "migrationStage":"NotStarted", "server":"GENERAL01000012"}}
{"logTime": "1026/193813", "correlationVector":"u6BLJi2xSvEzmbAPnwFp9M.2","action":"GetUpdates Response", "result":"SYNCER_OK", "context":Received 0 update(s). cV=u6BLJi2xSvEzmbAPnwFp9M.0;server=GENERAL01000012;cloudType=Consumer;environment=Prod_EastUS2_000e;migrationStage=NotStarted}
{"logTime": "1026/193813", "correlationVector":"lwJRsUXchNT3x8XWPMO08y","action":"Commit Request", "result":"", "context":Item count: 1
Contributing types: Device Info}
{"logTime": "1026/193813", "correlationVector":"lwJRsUXchNT3x8XWPMO08y.1","action":"SyncServerConnectionManagerRequest", "result":"SYNC_SERVER_OK", "context":{"environment":"Prod_EastUS_000w", "migrationStage":"NotStarted", "server":"GENERAL0100000R"}}
{"logTime": "1026/193813", "correlationVector":"lwJRsUXchNT3x8XWPMO08y.2","action":"Commit Response", "result":"SYNCER_OK", "context":Result: SYNCER_OK. cV=lwJRsUXchNT3x8XWPMO08y.0;server=GENERAL0100000R;cloudType=Consumer;environment=Prod_EastUS_000w;migrationStage=NotStarted}
{"logTime": "1026/193813", "correlationVector":"gGIqdbL1DnccH+s2h5hyPE","action":"Commit Request", "result":"", "context":Item count: 2
Contributing types: User Consents}
{"logTime": "1026/193813", "correlationVector":"gGIqdbL1DnccH+s2h5hyPE.1","action":"SyncServerConnectionManagerRequest", "result":"SYNC_SERVER_OK", "context":{"environment":"Prod_EastUS_000w", "migrationStage":"NotStarted", "server":"GENERAL0100001H"}}
{"logTime": "1026/193813", "correlationVector":"gGIqdbL1DnccH+s2h5hyPE.2","action":"Commit Response", "result":"SYNCER_OK", "context":Result: SYNCER_OK. cV=gGIqdbL1DnccH+s2h5hyPE.0;server=GENERAL0100001H;cloudType=Consumer;environment=Prod_EastUS_000w;migrationStage=NotStarted}
{"logTime": "1026/202806", "correlationVector":"jm4K1WSGkyr7hlyl0oY5Y1.0","action":"FeedSettingFetch_homeCloud", "result":"0", "context":{}}
{"logTime": "1026/202806", "correlationVector":"ysmep1+2M96vi4YOaHpwMl.1","action":"SyncServerConnectionManagerRequest", "result":"SYNC_SERVER_OK", "context":{"environment":"Prod_EastUS2_000e", "migrationStage":"NotStarted", "server":"GENERAL01000032"}}
{"logTime": "1026/202806", "correlationVector":"ysmep1+2M96vi4YOaHpwMl","action":"Initial GetUpdates", "result":"", "context":Reason: NEW_CLIENT. cV=ysmep1+2M96vi4YOaHpwMl}
{"logTime": "1026/202806", "correlationVector":"ysmep1+2M96vi4YOaHpwMl.2","action":"GetUpdates Response", "result":"SYNCER_OK", "context":Received 1 update(s). cV=ysmep1+2M96vi4YOaHpwMl.0;server=GENERAL01000032;cloudType=Consumer;environment=Prod_EastUS2_000e;migrationStage=NotStarted}
{"logTime": "1026/202806", "correlationVector":"ZJjgfoKg7c6lW9p2oFsX32","action":"Normal GetUpdate request", "result":"", "context":cV=ZJjgfoKg7c6lW9p2oFsX32
Nudged types: User Consents
Refresh requested types: Device Info, User Consents, Send Tab To Self, Encryption Keys}
{"logTime": "1026/202806", "correlationVector":"ZJjgfoKg7c6lW9p2oFsX32.1","action":"SyncServerConnectionManagerRequest", "result":"SYNC_SERVER_OK", "context":{"environment":"Prod_EastUS2_000e", "migrationStage":"NotStarted", "server":"GENERAL0100002Y"}}
{"logTime": "1026/202806", "correlationVector":"ZJjgfoKg7c6lW9p2oFsX32.2","action":"GetUpdates Response", "result":"SYNCER_OK", "context":Received 1 update(s). cV=ZJjgfoKg7c6lW9p2oFsX32.0;server=GENERAL0100002Y;cloudType=Consumer;environment=Prod_EastUS2_000e;migrationStage=NotStarted}
{"logTime": "1026/202806", "correlationVector":"RUBwPSIJGN3mY8BNsLpBub","action":"Commit Request", "result":"", "context":Item count: 1
Contributing types: User Consents}
{"logTime": "1026/202806", "correlationVector":"RUBwPSIJGN3mY8BNsLpBub.1","action":"SyncServerConnectionManagerRequest", "result":"SYNC_SERVER_OK", "context":{"environment":"Prod_EastUS2_000e", "migrationStage":"NotStarted", "server":"GENERAL0100001H"}}
{"logTime": "1026/202806", "correlationVector":"RUBwPSIJGN3mY8BNsLpBub.2","action":"Commit Response", "result":"SYNCER_OK", "context":Result: SYNCER_OK. cV=RUBwPSIJGN3mY8BNsLpBub.0;server=GENERAL0100001H;cloudType=Consumer;environment=Prod_EastUS2_000e;migrationStage=NotStarted}
{"logTime": "1026/202807", "correlationVector":"Tja7fbOrIDFU4/F0e1pjNl","action":"SyncServerConnectionManagerRequest", "result":"SYNC_SERVER_OK", "context":{"environment":"", "migrationStage":"", "server":""}}
{"logTime": "1026/202807", "correlationVector":"qoYMFxGbUM/bDYe8pKKQo0","action":"Initial GetUpdates", "result":"", "context":Reason: RECONFIGURATION. cV=qoYMFxGbUM/bDYe8pKKQo0}
{"logTime": "1026/202807", "correlationVector":"qoYMFxGbUM/bDYe8pKKQo0.1","action":"SyncServerConnectionManagerRequest", "result":"SYNC_SERVER_OK", "context":{"environment":"Prod_EastUS2_000e", "migrationStage":"NotStarted", "server":"GENERAL0100001U"}}
{"logTime": "1026/202807", "correlationVector":"qoYMFxGbUM/bDYe8pKKQo0.2","action":"GetUpdates Response", "result":"SYNCER_OK", "context":Received 42 update(s). cV=qoYMFxGbUM/bDYe8pKKQo0.0;server=GENERAL0100001U;cloudType=Consumer;environment=Prod_EastUS2_000e;migrationStage=NotStarted}
{"logTime": "1026/202807", "correlationVector":"By8RJr1GFT5KlM07IdNdJl","action":"Initial GetUpdates", "result":"", "context":Reason: NEWLY_SUPPORTED_DATATYPE. cV=By8RJr1GFT5KlM07IdNdJl}
{"logTime": "1026/202807", "correlationVector":"By8RJr1GFT5KlM07IdNdJl.1","action":"SyncServerConnectionManagerRequest", "result":"SYNC_SERVER_OK", "context":{"environment":"Prod_EastUS2_000e", "migrationStage":"NotStarted", "server":"GENERAL0100003B"}}
{"logTime": "1026/202807", "correlationVector":"By8RJr1GFT5KlM07IdNdJl.2","action":"GetUpdates Response", "result":"SYNCER_OK", "context":Received 9 update(s). cV=By8RJr1GFT5KlM07IdNdJl.0;server=GENERAL0100003B;cloudType=Consumer;environment=Prod_EastUS2_000e;migrationStage=NotStarted}
{"logTime": "1026/202807", "correlationVector":"vUvTx+78Y8XJNv6zknTwnZ","action":"Initial GetUpdates", "result":"", "context":Reason: NEWLY_SUPPORTED_DATATYPE. cV=vUvTx+78Y8XJNv6zknTwnZ}
{"logTime": "1026/202808", "correlationVector":"vUvTx+78Y8XJNv6zknTwnZ.1","action":"SyncServerConnectionManagerRequest", "result":"SYNC_SERVER_OK", "context":{"environment":"Prod_EastUS_000w", "migrationStage":"NotStarted", "server":"GENERAL0100000H"}}
{"logTime": "1026/202808", "correlationVector":"vUvTx+78Y8XJNv6zknTwnZ.2","action":"GetUpdates", "result":"DeleteReceived", "context":{"id":"e7c1b56d-6b36-4250-81fb-08a8a8301489", "isDeleted:":"true", "version":"1697139432669"}}
{"logTime": "1026/202808", "correlationVector":"vUvTx+78Y8XJNv6zknTwnZ.3","action":"GetUpdates", "result":"DeleteReceived", "context":{"id":"dae947c2-fc1b-497c-a2a3-e9d6902e36c5", "isDeleted:":"true", "version":"1697140194344"}}
{"logTime": "1026/202808", "correlationVector":"vUvTx+78Y8XJNv6zknTwnZ.4","action":"GetUpdates", "result":"DeleteReceived", "context":{"id":"4a57b007-88a2-421f-9529-6b00a0a812d2", "isDeleted:":"true", "version":"1697140573472"}}
{"logTime": "1026/202808", "correlationVector":"vUvTx+78Y8XJNv6zknTwnZ.5","action":"GetUpdates", "result":"DeleteReceived", "context":{"id":"2dda2d12-b586-4079-8487-a7d41510cf1b", "isDeleted:":"true", "version":"1697155265852"}}
{"logTime": "1026/202808", "correlationVector":"vUvTx+78Y8XJNv6zknTwnZ.6","action":"GetUpdates", "result":"DeleteReceived", "context":{"id":"7664498f-c151-48fa-b6e1-73b77ce037dd", "isDeleted:":"true", "version":"1697156188613"}}
{"logTime": "1026/202808", "correlationVector":"vUvTx+78Y8XJNv6zknTwnZ.7","action":"GetUpdates", "result":"DeleteReceived", "context":{"id":"6ca38a87-71b7-418e-8564-2c746f953b9e", "isDeleted:":"true", "version":"1697157007408"}}
{"logTime": "1026/202808", "correlationVector":"vUvTx+78Y8XJNv6zknTwnZ.8","action":"GetUpdates", "result":"DeleteReceived", "context":{"id":"dce23d15-6f64-4692-9c75-55d5efde7586", "isDeleted:":"true", "version":"1697157521519"}}
{"logTime": "1026/202808", "correlationVector":"vUvTx+78Y8XJNv6zknTwnZ.9","action":"GetUpdates", "result":"DeleteReceived", "context":{"id":"4a9749e9-a379-4daa-871b-d616bf10cd27", "isDeleted:":"true", "version":"1697203339357"}}
{"logTime": "1026/202808", "correlationVector":"vUvTx+78Y8XJNv6zknTwnZ.10","action":"GetUpdates", "result":"DeleteReceived", "context":{"id":"01cde683-2969-4f9e-8529-0d81becb20f8", "isDeleted:":"true", "version":"1697461940270"}}
{"logTime": "1026/202808", "correlationVector":"vUvTx+78Y8XJNv6zknTwnZ.11","action":"GetUpdates", "result":"DeleteReceived", "context":{"id":"f00e9284-b72b-450b-945f-0c827aab7928", "isDeleted:":"true", "version":"1697461972198"}}
{"logTime": "1026/202808", "correlationVector":"vUvTx+78Y8XJNv6zknTwnZ.12","action":"GetUpdates", "result":"DeleteReceived", "context":{"id":"725552cc-4a6e-45bf-9b36-f2b88be0e736", "isDeleted:":"true", "version":"1697461972200"}}
{"logTime": "1026/202808", "correlationVector":"vUvTx+78Y8XJNv6zknTwnZ.13","action":"GetUpdates", "result":"DeleteReceived", "context":{"id":"79923ffe-cb65-49e1-8b30-cf4d6dfb26a9", "isDeleted:":"true", "version":"1697461972201"}}
{"logTime": "1026/202808", "correlationVector":"vUvTx+78Y8XJNv6zknTwnZ.14","action":"GetUpdates", "result":"DeleteReceived", "context":{"id":"ce96bd4e-e982-4730-92ba-ebe12c105349", "isDeleted:":"true", "version":"1698066170556"}}
{"logTime": "1026/202808", "correlationVector":"vUvTx+78Y8XJNv6zknTwnZ.15","action":"GetUpdates", "result":"DeleteReceived", "context":{"id":"e1542d62-2e14-4aca-8899-36cb8264cc5e", "isDeleted:":"true", "version":"1698066299493"}}
{"logTime": "1026/202808", "correlationVector":"vUvTx+78Y8XJNv6zknTwnZ.16","action":"GetUpdates", "result":"DeleteReceived", "context":{"id":"289f385d-e9d3-4725-8d98-30b9ba748beb", "isDeleted:":"true", "version":"1698074810102"}}
{"logTime": "1026/202808", "correlationVector":"vUvTx+78Y8XJNv6zknTwnZ.17","action":"GetUpdates", "result":"DeleteReceived", "context":{"id":"5d6b018e-8d25-47be-be5d-26cafc098dcb", "isDeleted:":"true", "version":"1698164902764"}}
{"logTime": "1026/202808", "correlationVector":"vUvTx+78Y8XJNv6zknTwnZ.18","action":"GetUpdates", "result":"DeleteReceived", "context":{"id":"fbdcce05-3a53-47c3-a26e-abc2332c3474", "isDeleted:":"true", "version":"1698166896104"}}
{"logTime": "1026/202808", "correlationVector":"vUvTx+78Y8XJNv6zknTwnZ.19","action":"GetUpdates", "result":"DeleteReceived", "context":{"id":"b090ed45-15c7-450d-84c8-ebdbb7c6e5de", "isDeleted:":"true", "version":"1698167045595"}}
{"logTime": "1026/202808", "correlationVector":"vUvTx+78Y8XJNv6zknTwnZ.20","action":"GetUpdates", "result":"DeleteReceived", "context":{"id":"f6abe7bc-5915-400c-a6f1-a417b8eb1a65", "isDeleted:":"true", "version":"1698167203602"}}
{"logTime": "1026/202808", "correlationVector":"vUvTx+78Y8XJNv6zknTwnZ.21","action":"GetUpdates", "result":"DeleteReceived", "context":{"id":"33188628-b615-4865-95a0-2cc3aeb90f40", "isDeleted:":"true", "version":"1698189838144"}}
{"logTime": "1026/202808", "correlationVector":"vUvTx+78Y8XJNv6zknTwnZ.22","action":"GetUpdates", "result":"DeleteReceived", "context":{"id":"cc4a4ebc-2584-4144-ade6-aabd7e63329d", "isDeleted:":"true", "version":"1698194298581"}}
{"logTime": "1026/202808", "correlationVector":"vUvTx+78Y8XJNv6zknTwnZ.23","action":"GetUpdates Response", "result":"SYNCER_OK", "context":Received 61 update(s). cV=vUvTx+78Y8XJNv6zknTwnZ.0;server=GENERAL0100000H;cloudType=Consumer;environment=Prod_EastUS_000w;migrationStage=NotStarted}
{"logTime": "1026/202808", "correlationVector":"nrMQ4L9iK0aYpTJXZpBvXc","action":"Normal GetUpdate request", "result":"", "context":cV=nrMQ4L9iK0aYpTJXZpBvXc
Nudged types: Sessions, Device Info
Refresh requested types: Bookmarks, Preferences, Passwords, Autofill Profiles, Autofill, Autofill Custom Data, Typed URLs, Extensions, Sessions, Extension settings, History Delete Directives, Device Info, User Consents, Send Tab To Self, Web Apps, Collection, Edge E Drop, Edge Hub App Usage, Edge Wallet, Encryption Keys}
{"logTime": "1026/202808", "correlationVector":"nrMQ4L9iK0aYpTJXZpBvXc.1","action":"SyncServerConnectionManagerRequest", "result":"SYNC_SERVER_OK", "context":{"environment":"Prod_EastUS2_000e", "migrationStage":"NotStarted", "server":"GENERAL0100002W"}}
{"logTime": "1026/202808", "correlationVector":"nrMQ4L9iK0aYpTJXZpBvXc.2","action":"GetUpdates Response", "result":"SYNCER_OK", "context":Received 0 update(s). cV=nrMQ4L9iK0aYpTJXZpBvXc.0;server=GENERAL0100002W;cloudType=Consumer;environment=Prod_EastUS2_000e;migrationStage=NotStarted}
{"logTime": "1026/202808", "correlationVector":"j4o4NbSSlycFzklAVIEKs3","action":"Commit Request", "result":"", "context":Item count: 1
Contributing types: Device Info}
{"logTime": "1026/202808", "correlationVector":"j4o4NbSSlycFzklAVIEKs3.1","action":"SyncServerConnectionManagerRequest", "result":"SYNC_SERVER_OK", "context":{"environment":"Prod_EastUS2_000e", "migrationStage":"NotStarted", "server":"GENERAL0100001H"}}
{"logTime": "1026/202808", "correlationVector":"j4o4NbSSlycFzklAVIEKs3.2","action":"Commit Response", "result":"SYNCER_OK", "context":Result: SYNCER_OK. cV=j4o4NbSSlycFzklAVIEKs3.0;server=GENERAL0100001H;cloudType=Consumer;environment=Prod_EastUS2_000e;migrationStage=NotStarted}
{"logTime": "1026/202808", "correlationVector":"ioguKU26Ex5rV+RaU8JNvq","action":"Commit Request", "result":"", "context":Item count: 2
Contributing types: Sessions}
{"logTime": "1026/202809", "correlationVector":"ioguKU26Ex5rV+RaU8JNvq.1","action":"SyncServerConnectionManagerRequest", "result":"SYNC_SERVER_OK", "context":{"environment":"Prod_EastUS2_000e", "migrationStage":"NotStarted", "server":"GENERAL0100002C"}}
{"logTime": "1026/202809", "correlationVector":"ioguKU26Ex5rV+RaU8JNvq.2","action":"Commit Response", "result":"SYNCER_OK", "context":Result: SYNCER_OK. cV=ioguKU26Ex5rV+RaU8JNvq.0;server=GENERAL0100002C;cloudType=Consumer;environment=Prod_EastUS2_000e;migrationStage=NotStarted}
{"logTime": "1026/203802", "correlationVector":"QLkVx+3hIMyiGhiX38LoIL.0","action":"FeedSettingFetch_homeCloud", "result":"0", "context":{}}
{"logTime": "1026/203802", "correlationVector":"EotHZLDXyO3TfcpRWuuxVy.1","action":"SyncServerConnectionManagerRequest", "result":"SYNC_SERVER_OK", "context":{"environment":"Prod_EastUS2_000e", "migrationStage":"NotStarted", "server":"GENERAL0100001W"}}
{"logTime": "1026/203802", "correlationVector":"EotHZLDXyO3TfcpRWuuxVy","action":"Initial GetUpdates", "result":"", "context":Reason: NEW_CLIENT. cV=EotHZLDXyO3TfcpRWuuxVy}
{"logTime": "1026/203802", "correlationVector":"EotHZLDXyO3TfcpRWuuxVy.2","action":"GetUpdates Response", "result":"SYNCER_OK", "context":Received 1 update(s). cV=EotHZLDXyO3TfcpRWuuxVy.0;server=GENERAL0100001W;cloudType=Consumer;environment=Prod_EastUS2_000e;migrationStage=NotStarted}
{"logTime": "1026/203802", "correlationVector":"T5un61mpJsUFimNM9Mfj5n","action":"Normal GetUpdate request", "result":"", "context":cV=T5un61mpJsUFimNM9Mfj5n
Nudged types: Sessions, User Consents
Refresh requested types: Bookmarks, Preferences, Passwords, Autofill Profiles, Autofill, Autofill Custom Data, Typed URLs, Extensions, Sessions, Extension settings, History Delete Directives, Device Info, User Consents, Send Tab To Self, Web Apps, Collection, Edge E Drop, Edge Hub App Usage, Edge Wallet, Encryption Keys}
{"logTime": "1026/203802", "correlationVector":"T5un61mpJsUFimNM9Mfj5n.1","action":"SyncServerConnectionManagerRequest", "result":"SYNC_SERVER_OK", "context":{"environment":"Prod_EastUS2_000e", "migrationStage":"NotStarted", "server":"GENERAL0100002B"}}
{"logTime": "1026/203802", "correlationVector":"T5un61mpJsUFimNM9Mfj5n.2","action":"GetUpdates Response", "result":"SYNCER_OK", "context":Received 3 update(s). cV=T5un61mpJsUFimNM9Mfj5n.0;server=GENERAL0100002B;cloudType=Consumer;environment=Prod_EastUS2_000e;migrationStage=NotStarted}
{"logTime": "1026/203802", "correlationVector":"aTuaOiBX/kur9qa7qJ2+S/","action":"Commit Request", "result":"", "context":Item count: 4
Contributing types: Sessions, User Consents}
{"logTime": "1026/203802", "correlationVector":"aTuaOiBX/kur9qa7qJ2+S/.1","action":"SyncServerConnectionManagerRequest", "result":"SYNC_SERVER_OK", "context":{"environment":"Prod_EastUS2_000e", "migrationStage":"NotStarted", "server":"GENERAL0100002J"}}
{"logTime": "1026/203802", "correlationVector":"aTuaOiBX/kur9qa7qJ2+S/.3","action":"Commit.Sessions", "result":"Success", "context":{"id":"da10d3cc-390b-4823-a809-7083cf380b5d", "isDeleted":"true", "size":"0", "version":"1698352087823"}}
{"logTime": "1026/203802", "correlationVector":"aTuaOiBX/kur9qa7qJ2+S/.2","action":"Commit Response", "result":"SYNCER_OK", "context":Result: SYNCER_OK. cV=aTuaOiBX/kur9qa7qJ2+S/.0;server=GENERAL0100002J;cloudType=Consumer;environment=Prod_EastUS2_000e;migrationStage=NotStarted}
{"logTime": "1026/203825", "correlationVector":"QYUKnG4xdZMq5vykCyFqm3","action":"SyncServerConnectionManagerRequest", "result":"SYNC_SERVER_OK", "context":{"environment":"", "migrationStage":"", "server":""}}
{"logTime": "1026/203825", "correlationVector":"zp7K+/wRgDg+onzBUpexIG","action":"Normal GetUpdate request", "result":"", "context":cV=zp7K+/wRgDg+onzBUpexIG
Nudged types: Sessions}
{"logTime": "1026/203825", "correlationVector":"zp7K+/wRgDg+onzBUpexIG.1","action":"SyncServerConnectionManagerRequest", "result":"SYNC_SERVER_OK", "context":{"environment":"Prod_EastUS2_000e", "migrationStage":"NotStarted", "server":"general01000004"}}
{"logTime": "1026/203825", "correlationVector":"zp7K+/wRgDg+onzBUpexIG.2","action":"GetUpdates", "result":"DeleteReceived", "context":{"id":"da10d3cc-390b-4823-a809-7083cf380b5d", "isDeleted:":"true", "version":"1698352672235"}}
{"logTime": "1026/203825", "correlationVector":"zp7K+/wRgDg+onzBUpexIG.3","action":"GetUpdates Response", "result":"SYNCER_OK", "context":Received 3 update(s). cV=zp7K+/wRgDg+onzBUpexIG.0;server=general01000004;cloudType=Consumer;environment=Prod_EastUS2_000e;migrationStage=NotStarted}
{"logTime": "1026/203825", "correlationVector":"RUyXeiqt+Tf+4/epcInrq4","action":"Normal GetUpdate request", "result":"", "context":cV=RUyXeiqt+Tf+4/epcInrq4
Refresh requested types: Bookmarks, Preferences, Passwords, Autofill Profiles, Autofill, Autofill Custom Data, Typed URLs, Extensions, Sessions, Extension settings, History Delete Directives, Device Info, User Consents, Send Tab To Self, Web Apps, Collection, Edge E Drop, Edge Hub App Usage, Edge Wallet, Encryption Keys}
{"logTime": "1026/203825", "correlationVector":"RUyXeiqt+Tf+4/epcInrq4.1","action":"SyncServerConnectionManagerRequest", "result":"SYNC_SERVER_OK", "context":{"environment":"Prod_EastUS2_000e", "migrationStage":"NotStarted", "server":"GENERAL0100002H"}}
{"logTime": "1026/203825", "correlationVector":"RUyXeiqt+Tf+4/epcInrq4.2","action":"GetUpdates Response", "result":"SYNCER_OK", "context":Received 0 update(s). cV=RUyXeiqt+Tf+4/epcInrq4.0;server=GENERAL0100002H;cloudType=Consumer;environment=Prod_EastUS2_000e;migrationStage=NotStarted}
{"logTime": "1026/204057", "correlationVector":"nUgXMc4YurvVU3IH4DaOre.0","action":"FeedSettingFetch_homeCloud", "result":"0", "context":{}}
{"logTime": "1026/204057", "correlationVector":"m8krkh13uqobMA7WNJU3zN.1","action":"SyncServerConnectionManagerRequest", "result":"SYNC_SERVER_OK", "context":{"environment":"Prod_EastUS2_000e", "migrationStage":"NotStarted", "server":"GENERAL0100000E"}}
{"logTime": "1026/204057", "correlationVector":"m8krkh13uqobMA7WNJU3zN","action":"Initial GetUpdates", "result":"", "context":Reason: NEW_CLIENT. cV=m8krkh13uqobMA7WNJU3zN}
{"logTime": "1026/204057", "correlationVector":"m8krkh13uqobMA7WNJU3zN.2","action":"GetUpdates Response", "result":"SYNCER_OK", "context":Received 1 update(s). cV=m8krkh13uqobMA7WNJU3zN.0;server=GENERAL0100000E;cloudType=Consumer;environment=Prod_EastUS2_000e;migrationStage=NotStarted}
{"logTime": "1026/204057", "correlationVector":"uqe8kgZVBdCzPOwFHx7f/L","action":"Normal GetUpdate request", "result":"", "context":cV=uqe8kgZVBdCzPOwFHx7f/L
Nudged types: Sessions, User Consents
Refresh requested types: Bookmarks, Preferences, Passwords, Autofill Profiles, Autofill, Autofill Custom Data, Typed URLs, Extensions, Sessions, Extension settings, History Delete Directives, Device Info, User Consents, Send Tab To Self, Web Apps, Collection, Edge E Drop, Edge Hub App Usage, Edge Wallet, Encryption Keys}
{"logTime": "1026/204057", "correlationVector":"uqe8kgZVBdCzPOwFHx7f/L.1","action":"SyncServerConnectionManagerRequest", "result":"SYNC_SERVER_OK", "context":{"environment":"Prod_EastUS2_000e", "migrationStage":"NotStarted", "server":"GENERAL0100001N"}}
{"logTime": "1026/204057", "correlationVector":"uqe8kgZVBdCzPOwFHx7f/L.2","action":"GetUpdates Response", "result":"SYNCER_OK", "context":Received 0 update(s). cV=uqe8kgZVBdCzPOwFHx7f/L.0;server=GENERAL0100001N;cloudType=Consumer;environment=Prod_EastUS2_000e;migrationStage=NotStarted}
{"logTime": "1026/204057", "correlationVector":"nkOdxb9BtJrlWli92XtdRc","action":"Commit Request", "result":"", "context":Item count: 4
Contributing types: Sessions, User Consents}
{"logTime": "1026/204057", "correlationVector":"nkOdxb9BtJrlWli92XtdRc.1","action":"SyncServerConnectionManagerRequest", "result":"SYNC_SERVER_OK", "context":{"environment":"Prod_EastUS2_000e", "migrationStage":"NotStarted", "server":"GENERAL0100001G"}}
{"logTime": "1026/204057", "correlationVector":"nkOdxb9BtJrlWli92XtdRc.2","action":"Commit Response", "result":"SYNCER_OK", "context":Result: SYNCER_OK. cV=nkOdxb9BtJrlWli92XtdRc.0;server=GENERAL0100001G;cloudType=Consumer;environment=Prod_EastUS2_000e;migrationStage=NotStarted}
{"logTime": "1026/204057", "correlationVector":"nkOdxb9BtJrlWli92XtdRc.3","action":"Commit.Sessions", "result":"Success", "context":{"id":"f5ad5a4f-537e-41d3-908a-164eaecdbd7c", "isDeleted":"true", "size":"0", "version":"1698352672233"}}
{"logTime": "1026/204121", "correlationVector":"z5BDXHh1OUs6DM3UrfIjXX","action":"SyncServerConnectionManagerRequest", "result":"SYNC_SERVER_OK", "context":{"environment":"", "migrationStage":"", "server":""}}
{"logTime": "1026/204121", "correlationVector":"r5X9RSmFHdwpxRjYxqV9HD","action":"Normal GetUpdate request", "result":"", "context":cV=r5X9RSmFHdwpxRjYxqV9HD
Nudged types: Sessions}
{"logTime": "1026/204121", "correlationVector":"r5X9RSmFHdwpxRjYxqV9HD.1","action":"SyncServerConnectionManagerRequest", "result":"SYNC_SERVER_OK", "context":{"environment":"Prod_EastUS2_000e", "migrationStage":"NotStarted", "server":"GENERAL0100002R"}}
{"logTime": "1026/204121", "correlationVector":"r5X9RSmFHdwpxRjYxqV9HD.2","action":"GetUpdates", "result":"DeleteReceived", "context":{"id":"f5ad5a4f-537e-41d3-908a-164eaecdbd7c", "isDeleted:":"true", "version":"1698352848350"}}
{"logTime": "1026/204121", "correlationVector":"r5X9RSmFHdwpxRjYxqV9HD.3","action":"GetUpdates Response", "result":"SYNCER_OK", "context":Received 3 update(s). cV=r5X9RSmFHdwpxRjYxqV9HD.0;server=GENERAL0100002R;cloudType=Consumer;environment=Prod_EastUS2_000e;migrationStage=NotStarted}
{"logTime": "1026/204121", "correlationVector":"6gEvBjXyLUcV+9J8Oej5SR","action":"Normal GetUpdate request", "result":"", "context":cV=6gEvBjXyLUcV+9J8Oej5SR
Refresh requested types: Bookmarks, Preferences, Passwords, Autofill Profiles, Autofill, Autofill Custom Data, Typed URLs, Extensions, Sessions, Extension settings, History Delete Directives, Device Info, User Consents, Send Tab To Self, Web Apps, Collection, Edge E Drop, Edge Hub App Usage, Edge Wallet, Encryption Keys}
{"logTime": "1026/204122", "correlationVector":"6gEvBjXyLUcV+9J8Oej5SR.1","action":"SyncServerConnectionManagerRequest", "result":"SYNC_SERVER_OK", "context":{"environment":"Prod_EastUS2_000e", "migrationStage":"NotStarted", "server":"GENERAL0100002O"}}
{"logTime": "1026/204122", "correlationVector":"6gEvBjXyLUcV+9J8Oej5SR.2","action":"GetUpdates Response", "result":"SYNCER_OK", "context":Received 0 update(s). cV=6gEvBjXyLUcV+9J8Oej5SR.0;server=GENERAL0100002O;cloudType=Consumer;environment=Prod_EastUS2_000e;migrationStage=NotStarted}
{"logTime": "1026/220301", "correlationVector":"SNgDgV2JZ+dlVWCh/0H5mm.0","action":"FeedSettingFetch_homeCloud", "result":"0", "context":{}}
{"logTime": "1026/220301", "correlationVector":"arO4mXM7wctaYDeW3k3dkk.1","action":"SyncServerConnectionManagerRequest", "result":"SYNC_SERVER_OK", "context":{"environment":"Prod_EastUS2_000e", "migrationStage":"NotStarted", "server":"GENERAL01000014"}}
{"logTime": "1026/220301", "correlationVector":"arO4mXM7wctaYDeW3k3dkk","action":"Initial GetUpdates", "result":"", "context":Reason: NEW_CLIENT. cV=arO4mXM7wctaYDeW3k3dkk}
{"logTime": "1026/220301", "correlationVector":"arO4mXM7wctaYDeW3k3dkk.2","action":"GetUpdates Response", "result":"SYNCER_OK", "context":Received 1 update(s). cV=arO4mXM7wctaYDeW3k3dkk.0;server=GENERAL01000014;cloudType=Consumer;environment=Prod_EastUS2_000e;migrationStage=NotStarted}
{"logTime": "1026/220301", "correlationVector":"XnLB+wHpA1CLEBlM3AjWzj","action":"Normal GetUpdate request", "result":"", "context":cV=XnLB+wHpA1CLEBlM3AjWzj
Nudged types: Sessions, User Consents
Refresh requested types: Bookmarks, Preferences, Passwords, Autofill Profiles, Autofill, Autofill Custom Data, Typed URLs, Extensions, Sessions, Extension settings, History Delete Directives, Device Info, User Consents, Send Tab To Self, Web Apps, Collection, Edge E Drop, Edge Hub App Usage, Edge Wallet, Encryption Keys}
{"logTime": "1026/220301", "correlationVector":"XnLB+wHpA1CLEBlM3AjWzj.1","action":"SyncServerConnectionManagerRequest", "result":"SYNC_SERVER_OK", "context":{"environment":"Prod_EastUS2_000e", "migrationStage":"NotStarted", "server":"GENERAL01000031"}}
{"logTime": "1026/220301", "correlationVector":"XnLB+wHpA1CLEBlM3AjWzj.2","action":"GetUpdates Response", "result":"SYNCER_OK", "context":Received 3 update(s). cV=XnLB+wHpA1CLEBlM3AjWzj.0;server=GENERAL01000031;cloudType=Consumer;environment=Prod_EastUS2_000e;migrationStage=NotStarted}
{"logTime": "1026/220301", "correlationVector":"u6/DcL8v7yjlFpXJAU7Bph","action":"Commit Request", "result":"", "context":Item count: 4
Contributing types: Sessions, User Consents}
{"logTime": "1026/220301", "correlationVector":"u6/DcL8v7yjlFpXJAU7Bph.1","action":"SyncServerConnectionManagerRequest", "result":"SYNC_SERVER_OK", "context":{"environment":"Prod_EastUS2_000e", "migrationStage":"NotStarted", "server":"GENERAL0100002Y"}}
{"logTime": "1026/220301", "correlationVector":"u6/DcL8v7yjlFpXJAU7Bph.3","action":"Commit.Sessions", "result":"Success", "context":{"id":"eb254986-658b-4053-be00-cb5bb0cc64b6", "isDeleted":"true", "size":"0", "version":"1698352848352"}}
{"logTime": "1026/220301", "correlationVector":"u6/DcL8v7yjlFpXJAU7Bph.2","action":"Commit Response", "result":"SYNCER_OK", "context":Result: SYNCER_OK. cV=u6/DcL8v7yjlFpXJAU7Bph.0;server=GENERAL0100002Y;cloudType=Consumer;environment=Prod_EastUS2_000e;migrationStage=NotStarted}
{"logTime": "1026/220306", "correlationVector":"mpeRk0Wvl1CKjyatsNDW9q","action":"SyncServerConnectionManagerRequest", "result":"SYNC_SERVER_OK", "context":{"environment":"", "migrationStage":"", "server":""}}
{"logTime": "1026/220306", "correlationVector":"s3CB7RV2NcUEa/ybsFSLb7","action":"Normal GetUpdate request", "result":"", "context":cV=s3CB7RV2NcUEa/ybsFSLb7
Nudged types: Sessions
Notified types: Device Info}
{"logTime": "1026/220309", "correlationVector":"s3CB7RV2NcUEa/ybsFSLb7.1","action":"SyncServerConnectionManagerRequest", "result":"SYNC_SERVER_OK", "context":{"environment":"Prod_EastUS2_000e", "migrationStage":"NotStarted", "server":"GENERAL0100001S"}}
{"logTime": "1026/220309", "correlationVector":"s3CB7RV2NcUEa/ybsFSLb7.2","action":"GetUpdates", "result":"DeleteReceived", "context":{"id":"eb254986-658b-4053-be00-cb5bb0cc64b6", "isDeleted:":"true", "version":"1698357770089"}}
{"logTime": "1026/220309", "correlationVector":"s3CB7RV2NcUEa/ybsFSLb7.3","action":"GetUpdates Response", "result":"SYNCER_OK", "context":Received 3 update(s). cV=s3CB7RV2NcUEa/ybsFSLb7.0;server=GENERAL0100001S;cloudType=Consumer;environment=Prod_EastUS2_000e;migrationStage=NotStarted}
{"logTime": "1026/220309", "correlationVector":"GBNpiQc6/Yrh3TGPmStJPL","action":"Commit Request", "result":"", "context":Item count: 1
Contributing types: Sessions}
{"logTime": "1026/220309", "correlationVector":"GBNpiQc6/Yrh3TGPmStJPL.1","action":"SyncServerConnectionManagerRequest", "result":"SYNC_SERVER_OK", "context":{"environment":"Prod_EastUS2_000e", "migrationStage":"NotStarted", "server":"GENERAL01000015"}}
{"logTime": "1026/220309", "correlationVector":"GBNpiQc6/Yrh3TGPmStJPL.2","action":"Commit Response", "result":"SYNCER_OK", "context":Result: SYNCER_OK. cV=GBNpiQc6/Yrh3TGPmStJPL.0;server=GENERAL01000015;cloudType=Consumer;environment=Prod_EastUS2_000e;migrationStage=NotStarted}
{"logTime": "1026/220309", "correlationVector":"Ji4lyHpSi/eFnCXmfNPbnn","action":"Normal GetUpdate request", "result":"", "context":cV=Ji4lyHpSi/eFnCXmfNPbnn
Nudged types: Sessions
Refresh requested types: Bookmarks, Preferences, Passwords, Autofill Profiles, Autofill, Autofill Custom Data, Typed URLs, Extensions, Sessions, Extension settings, History Delete Directives, Device Info, User Consents, Send Tab To Self, Web Apps, Collection, Edge E Drop, Edge Hub App Usage, Edge Wallet, Encryption Keys}
{"logTime": "1026/220309", "correlationVector":"Ji4lyHpSi/eFnCXmfNPbnn.1","action":"SyncServerConnectionManagerRequest", "result":"SYNC_SERVER_OK", "context":{"environment":"Prod_EastUS2_000e", "migrationStage":"NotStarted", "server":"GENERAL01000016"}}
{"logTime": "1026/220309", "correlationVector":"Ji4lyHpSi/eFnCXmfNPbnn.2","action":"GetUpdates Response", "result":"SYNCER_OK", "context":Received 1 update(s). cV=Ji4lyHpSi/eFnCXmfNPbnn.0;server=GENERAL01000016;cloudType=Consumer;environment=Prod_EastUS2_000e;migrationStage=NotStarted}
{"logTime": "1026/221714", "correlationVector":"h7S4nbcm0lhTIzxICtj2cz.0","action":"FeedSettingFetch_homeCloud", "result":"0", "context":{}}
{"logTime": "1026/221714", "correlationVector":"UEoEo6bIEKLoyDaNEEXI2y.1","action":"SyncServerConnectionManagerRequest", "result":"SYNC_SERVER_OK", "context":{"environment":"Prod_EastUS2_000e", "migrationStage":"NotStarted", "server":"GENERAL01000020"}}
{"logTime": "1026/221714", "correlationVector":"UEoEo6bIEKLoyDaNEEXI2y","action":"Initial GetUpdates", "result":"", "context":Reason: NEW_CLIENT. cV=UEoEo6bIEKLoyDaNEEXI2y}
{"logTime": "1026/221714", "correlationVector":"UEoEo6bIEKLoyDaNEEXI2y.2","action":"GetUpdates Response", "result":"SYNCER_OK", "context":Received 1 update(s). cV=UEoEo6bIEKLoyDaNEEXI2y.0;server=GENERAL01000020;cloudType=Consumer;environment=Prod_EastUS2_000e;migrationStage=NotStarted}
{"logTime": "1026/221714", "correlationVector":"89PmbqOi0rC43CAdAaSpIW","action":"Normal GetUpdate request", "result":"", "context":cV=89PmbqOi0rC43CAdAaSpIW
Nudged types: Sessions, User Consents
Refresh requested types: Bookmarks, Preferences, Passwords, Autofill Profiles, Autofill, Autofill Custom Data, Typed URLs, Extensions, Sessions, Extension settings, History Delete Directives, Device Info, User Consents, Send Tab To Self, Web Apps, Collection, Edge E Drop, Edge Hub App Usage, Edge Wallet, Encryption Keys}
{"logTime": "1026/221714", "correlationVector":"89PmbqOi0rC43CAdAaSpIW.1","action":"SyncServerConnectionManagerRequest", "result":"SYNC_SERVER_OK", "context":{"environment":"Prod_EastUS2_000e", "migrationStage":"NotStarted", "server":"GENERAL01000036"}}
{"logTime": "1026/221714", "correlationVector":"89PmbqOi0rC43CAdAaSpIW.2","action":"GetUpdates Response", "result":"SYNCER_OK", "context":Received 0 update(s). cV=89PmbqOi0rC43CAdAaSpIW.0;server=GENERAL01000036;cloudType=Consumer;environment=Prod_EastUS2_000e;migrationStage=NotStarted}
{"logTime": "1026/221714", "correlationVector":"jd0vHbNrasSGbvI0f/NLVM","action":"Commit Request", "result":"", "context":Item count: 4
Contributing types: Sessions, User Consents}
{"logTime": "1026/221714", "correlationVector":"jd0vHbNrasSGbvI0f/NLVM.1","action":"SyncServerConnectionManagerRequest", "result":"SYNC_SERVER_OK", "context":{"environment":"Prod_EastUS2_000e", "migrationStage":"NotStarted", "server":"GENERAL0100002P"}}
{"logTime": "1026/221714", "correlationVector":"jd0vHbNrasSGbvI0f/NLVM.2","action":"Commit Response", "result":"SYNCER_OK", "context":Result: SYNCER_OK. cV=jd0vHbNrasSGbvI0f/NLVM.0;server=GENERAL0100002P;cloudType=Consumer;environment=Prod_EastUS2_000e;migrationStage=NotStarted}
{"logTime": "1026/221714", "correlationVector":"jd0vHbNrasSGbvI0f/NLVM.3","action":"Commit.Sessions", "result":"Success", "context":{"id":"64185b36-dcb9-411a-8170-ac27773969f8", "isDeleted":"true", "size":"0", "version":"1698357788217"}}
{"logTime": "1026/221731", "correlationVector":"wR3etsWZAzfLXqnt+r5tAz","action":"Normal GetUpdate request", "result":"", "context":cV=wR3etsWZAzfLXqnt+r5tAz
Nudged types: Sessions}
{"logTime": "1026/221732", "correlationVector":"wR3etsWZAzfLXqnt+r5tAz.1","action":"SyncServerConnectionManagerRequest", "result":"SYNC_SERVER_OK", "context":{"environment":"Prod_EastUS2_000e", "migrationStage":"NotStarted", "server":"GENERAL0100002F"}}
{"logTime": "1026/221732", "correlationVector":"wR3etsWZAzfLXqnt+r5tAz.2","action":"GetUpdates", "result":"DeleteReceived", "context":{"id":"64185b36-dcb9-411a-8170-ac27773969f8", "isDeleted:":"true", "version":"1698358620182"}}
{"logTime": "1026/221732", "correlationVector":"wR3etsWZAzfLXqnt+r5tAz.3","action":"GetUpdates Response", "result":"SYNCER_OK", "context":Received 3 update(s). cV=wR3etsWZAzfLXqnt+r5tAz.0;server=GENERAL0100002F;cloudType=Consumer;environment=Prod_EastUS2_000e;migrationStage=NotStarted}
{"logTime": "1026/221732", "correlationVector":"u1z2A/P9zQbZXCDshnDXB7","action":"Commit Request", "result":"", "context":Item count: 1
Contributing types: Sessions}
{"logTime": "1026/221732", "correlationVector":"u1z2A/P9zQbZXCDshnDXB7.1","action":"SyncServerConnectionManagerRequest", "result":"SYNC_SERVER_OK", "context":{"environment":"Prod_EastUS2_000e", "migrationStage":"NotStarted", "server":"GENERAL01000034"}}
{"logTime": "1026/221732", "correlationVector":"u1z2A/P9zQbZXCDshnDXB7.2","action":"Commit Response", "result":"SYNCER_OK", "context":Result: SYNCER_OK. cV=u1z2A/P9zQbZXCDshnDXB7.0;server=GENERAL01000034;cloudType=Consumer;environment=Prod_EastUS2_000e;migrationStage=NotStarted}
{"logTime": "1026/221915", "correlationVector":"6vc2WnqCV0GPBaUa+W9C4H","action":"Commit Request", "result":"", "context":Item count: 1
Contributing types: Sessions}
{"logTime": "1026/221916", "correlationVector":"6vc2WnqCV0GPBaUa+W9C4H.1","action":"SyncServerConnectionManagerRequest", "result":"SYNC_SERVER_OK", "context":{"environment":"Prod_EastUS2_000e", "migrationStage":"NotStarted", "server":"GENERAL0100001W"}}
{"logTime": "1026/221916", "correlationVector":"6vc2WnqCV0GPBaUa+W9C4H.2","action":"Commit Response", "result":"SYNCER_OK", "context":Result: SYNCER_OK. cV=6vc2WnqCV0GPBaUa+W9C4H.0;server=GENERAL0100001W;cloudType=Consumer;environment=Prod_EastUS2_000e;migrationStage=NotStarted}
{"logTime": "1026/225046", "correlationVector":"6z5evh3H6cwXhVPH5dGBuv.0","action":"FeedSettingFetch_homeCloud", "result":"0", "context":{}}
{"logTime": "1026/225046", "correlationVector":"yL+07OGQBq53XnNM+oSSC/.1","action":"SyncServerConnectionManagerRequest", "result":"SYNC_SERVER_OK", "context":{"environment":"Prod_EastUS2_000e", "migrationStage":"NotStarted", "server":"GENERAL0100001H"}}
{"logTime": "1026/225046", "correlationVector":"yL+07OGQBq53XnNM+oSSC/","action":"Initial GetUpdates", "result":"", "context":Reason: NEW_CLIENT. cV=yL+07OGQBq53XnNM+oSSC/}
{"logTime": "1026/225046", "correlationVector":"yL+07OGQBq53XnNM+oSSC/.2","action":"GetUpdates Response", "result":"SYNCER_OK", "context":Received 1 update(s). cV=yL+07OGQBq53XnNM+oSSC/.0;server=GENERAL0100001H;cloudType=Consumer;environment=Prod_EastUS2_000e;migrationStage=NotStarted}
{"logTime": "1026/225046", "correlationVector":"nPOqd3j07Objxz+J7RpcvM","action":"SyncServerConnectionManagerRequest", "result":"SYNC_SERVER_OK", "context":{"environment":"", "migrationStage":"", "server":""}}
{"logTime": "1026/225046", "correlationVector":"Zy4Q3SpSGnSjMdjkCn9IO9","action":"Normal GetUpdate request", "result":"", "context":cV=Zy4Q3SpSGnSjMdjkCn9IO9
Nudged types: Sessions, User Consents
Refresh requested types: Bookmarks, Preferences, Passwords, Autofill Profiles, Autofill, Autofill Custom Data, Typed URLs, Extensions, Sessions, Extension settings, History Delete Directives, Device Info, User Consents, Send Tab To Self, Web Apps, Collection, Edge E Drop, Edge Hub App Usage, Edge Wallet, Encryption Keys}
{"logTime": "1026/225046", "correlationVector":"Zy4Q3SpSGnSjMdjkCn9IO9.1","action":"SyncServerConnectionManagerRequest", "result":"SYNC_SERVER_OK", "context":{"environment":"Prod_EastUS2_000e", "migrationStage":"NotStarted", "server":"GENERAL0100003B"}}
{"logTime": "1026/225046", "correlationVector":"Zy4Q3SpSGnSjMdjkCn9IO9.2","action":"GetUpdates Response", "result":"SYNCER_OK", "context":Received 1 update(s). cV=Zy4Q3SpSGnSjMdjkCn9IO9.0;server=GENERAL0100003B;cloudType=Consumer;environment=Prod_EastUS2_000e;migrationStage=NotStarted}
{"logTime": "1026/225046", "correlationVector":"wlF10f8VqZRAmCHkDdaluq","action":"Commit Request", "result":"", "context":Item count: 4
Contributing types: Sessions, User Consents}
{"logTime": "1026/225046", "correlationVector":"wlF10f8VqZRAmCHkDdaluq.1","action":"SyncServerConnectionManagerRequest", "result":"SYNC_SERVER_OK", "context":{"environment":"Prod_EastUS2_000e", "migrationStage":"NotStarted", "server":"general0100002X"}}
{"logTime": "1026/225046", "correlationVector":"wlF10f8VqZRAmCHkDdaluq.2","action":"Commit Response", "result":"SYNCER_OK", "context":Result: SYNCER_OK. cV=wlF10f8VqZRAmCHkDdaluq.0;server=general0100002X;cloudType=Consumer;environment=Prod_EastUS2_000e;migrationStage=NotStarted}
{"logTime": "1026/225046", "correlationVector":"wlF10f8VqZRAmCHkDdaluq.3","action":"Commit.Sessions", "result":"Success", "context":{"id":"99890467-44e0-462c-a96a-141dd21c4627", "isDeleted":"true", "size":"0", "version":"1698358755196"}}
{"logTime": "1026/225046", "correlationVector":"q7vrlyH4ByqxwtHuRNpaMK","action":"Normal GetUpdate request", "result":"", "context":cV=q7vrlyH4ByqxwtHuRNpaMK
Nudged types: Sessions
Refresh requested types: Bookmarks, Preferences, Passwords, Autofill Profiles, Autofill, Autofill Custom Data, Typed URLs, Extensions, Sessions, Extension settings, History Delete Directives, Device Info, User Consents, Send Tab To Self, Web Apps, Collection, Edge E Drop, Edge Hub App Usage, Edge Wallet, Encryption Keys}
{"logTime": "1026/225046", "correlationVector":"q7vrlyH4ByqxwtHuRNpaMK.1","action":"SyncServerConnectionManagerRequest", "result":"SYNC_SERVER_OK", "context":{"environment":"Prod_EastUS2_000e", "migrationStage":"NotStarted", "server":"GENERAL0100002Q"}}
{"logTime": "1026/225046", "correlationVector":"q7vrlyH4ByqxwtHuRNpaMK.2","action":"GetUpdates", "result":"DeleteReceived", "context":{"id":"99890467-44e0-462c-a96a-141dd21c4627", "isDeleted:":"true", "version":"1698360604211"}}
{"logTime": "1026/225046", "correlationVector":"q7vrlyH4ByqxwtHuRNpaMK.3","action":"GetUpdates Response", "result":"SYNCER_OK", "context":Received 3 update(s). cV=q7vrlyH4ByqxwtHuRNpaMK.0;server=GENERAL0100002Q;cloudType=Consumer;environment=Prod_EastUS2_000e;migrationStage=NotStarted}
{"logTime": "1026/225046", "correlationVector":"zYVHIa9LDbyJDZ2HQlHU9r","action":"Commit Request", "result":"", "context":Item count: 1
Contributing types: Sessions}
{"logTime": "1026/225046", "correlationVector":"zYVHIa9LDbyJDZ2HQlHU9r.1","action":"SyncServerConnectionManagerRequest", "result":"SYNC_SERVER_OK", "context":{"environment":"Prod_EastUS2_000e", "migrationStage":"NotStarted", "server":"GENERAL01000026"}}
{"logTime": "1026/225046", "correlationVector":"zYVHIa9LDbyJDZ2HQlHU9r.2","action":"Commit Response", "result":"SYNCER_OK", "context":Result: SYNCER_OK. cV=zYVHIa9LDbyJDZ2HQlHU9r.0;server=GENERAL01000026;cloudType=Consumer;environment=Prod_EastUS2_000e;migrationStage=NotStarted}
{"logTime": "1026/225046", "correlationVector":"J/q4iSESrLPs7q5a84JtT5","action":"Normal GetUpdate request", "result":"", "context":cV=J/q4iSESrLPs7q5a84JtT5
Nudged types: Sessions}
{"logTime": "1026/225046", "correlationVector":"J/q4iSESrLPs7q5a84JtT5.1","action":"SyncServerConnectionManagerRequest", "result":"SYNC_SERVER_OK", "context":{"environment":"Prod_EastUS2_000e", "migrationStage":"NotStarted", "server":"GENERAL0100001P"}}
{"logTime": "1026/225046", "correlationVector":"J/q4iSESrLPs7q5a84JtT5.2","action":"GetUpdates Response", "result":"SYNCER_OK", "context":Received 1 update(s). cV=J/q4iSESrLPs7q5a84JtT5.0;server=GENERAL0100001P;cloudType=Consumer;environment=Prod_EastUS2_000e;migrationStage=NotStarted}
{"logTime": "1026/225046", "correlationVector":"aCXLlOoFqGJh3KtDnwKRx4","action":"Commit Request", "result":"", "context":Item count: 1
Contributing types: Sessions}
{"logTime": "1026/225046", "correlationVector":"aCXLlOoFqGJh3KtDnwKRx4.1","action":"SyncServerConnectionManagerRequest", "result":"SYNC_SERVER_OK", "context":{"environment":"Prod_EastUS2_000e", "migrationStage":"NotStarted", "server":"GENERAL01000014"}}
{"logTime": "1026/225046", "correlationVector":"aCXLlOoFqGJh3KtDnwKRx4.2","action":"Commit Response", "result":"SYNCER_OK", "context":Result: SYNCER_OK. cV=aCXLlOoFqGJh3KtDnwKRx4.0;server=GENERAL01000014;cloudType=Consumer;environment=Prod_EastUS2_000e;migrationStage=NotStarted}
{"logTime": "1026/225112", "correlationVector":"Q/+cOpJKkzXcRvcZ3knz1J","action":"Normal GetUpdate request", "result":"", "context":cV=Q/+cOpJKkzXcRvcZ3knz1J
Nudged types: Sessions}
{"logTime": "1026/225112", "correlationVector":"Q/+cOpJKkzXcRvcZ3knz1J.1","action":"SyncServerConnectionManagerRequest", "result":"SYNC_SERVER_OK", "context":{"environment":"Prod_EastUS2_000e", "migrationStage":"NotStarted", "server":"GENERAL0100002Z"}}
{"logTime": "1026/225112", "correlationVector":"Q/+cOpJKkzXcRvcZ3knz1J.2","action":"GetUpdates Response", "result":"SYNCER_OK", "context":Received 1 update(s). cV=Q/+cOpJKkzXcRvcZ3knz1J.0;server=GENERAL0100002Z;cloudType=Consumer;environment=Prod_EastUS2_000e;migrationStage=NotStarted}
{"logTime": "1026/225322", "correlationVector":"fy68VVib652u/ZuoUj1pEA","action":"Commit Request", "result":"", "context":Item count: 1
Contributing types: Sessions}
{"logTime": "1026/225323", "correlationVector":"fy68VVib652u/ZuoUj1pEA.1","action":"SyncServerConnectionManagerRequest", "result":"SYNC_SERVER_OK", "context":{"environment":"Prod_EastUS2_000e", "migrationStage":"NotStarted", "server":"GENERAL0100002A"}}
{"logTime": "1026/225323", "correlationVector":"fy68VVib652u/ZuoUj1pEA.2","action":"Commit Response", "result":"SYNCER_OK", "context":Result: SYNCER_OK. cV=fy68VVib652u/ZuoUj1pEA.0;server=GENERAL0100002A;cloudType=Consumer;environment=Prod_EastUS2_000e;migrationStage=NotStarted}
